<?xml version="1.0" encoding="UTF-8"?>
<testsuite xmlns:xsi="http://www.w3.org/2001/XMLSchema-instance" xsi:noNamespaceSchemaLocation="https://maven.apache.org/surefire/maven-surefire-plugin/xsd/surefire-test-report-3.0.xsd" version="3.0" name="co.com.hyunseda.market.service.ProductRepositoryTest" time="0.266" tests="8" errors="0" skipped="0" failures="0">
  <properties>
[...]
</properties>
  <testcase name="delete" classname="co.com.hyunseda.market.service.ProductRepositoryTest" time="0.002"/>
  <testcase name="findProductsByCategoryId" classname="co.com.hyunseda.market.service.ProductRepositoryTest" time="0.002"/>
  <testcase name="findAll" classname="co.com.hyunseda.market.service.ProductRepositoryTest" time="0.003"/>
  <testcase name="findById" classname="co.com.hyunseda.market.service.ProductRepositoryTest" time="0.001"/>
  <testcase name="findByName" classname="co.com.hyunseda.market.service.ProductRepositoryTest" time="0.001"/>
  <testcase name="edit" classname="co.com.hyunseda.market.service.ProductRepositoryTest" time="0.002"/>
  <testcase name="list" classname="co.com.hyunseda.market.service.ProductRepositoryTest" time="0.002"/>
  <testcase name="save" classname="co.com.hyunseda.market.service.ProductRepositoryTest" time="0.239"/>
</testsuite>